TN:
SF:src/App.vue
FN:10,(anonymous_0)
FN:19,(anonymous_1)
FN:24,(anonymous_2)
FN:26,(anonymous_3)
FN:44,(anonymous_4)
FN:47,(anonymous_5)
FN:74,render
FN:81,(anonymous_7)
FN:89,(anonymous_8)
FN:100,(anonymous_9)
FN:112,(anonymous_10)
FNF:11
FNH:0
FNDA:0,(anonymous_0)
FNDA:0,(anonymous_1)
FNDA:0,(anonymous_2)
FNDA:0,(anonymous_3)
FNDA:0,(anonymous_4)
FNDA:0,(anonymous_5)
FNDA:0,render
FNDA:0,(anonymous_7)
FNDA:0,(anonymous_8)
FNDA:0,(anonymous_9)
FNDA:0,(anonymous_10)
DA:13,0
DA:14,0
DA:17,0
DA:18,0
DA:19,0
DA:20,0
DA:21,0
DA:24,0
DA:25,0
DA:26,0
DA:27,0
DA:28,0
DA:32,0
DA:45,0
DA:48,0
DA:51,0
DA:55,0
DA:60,0
DA:63,0
DA:64,0
DA:65,0
DA:68,0
DA:71,0
DA:75,0
DA:82,0
DA:90,0
DA:101,0
DA:113,0
DA:121,0
LF:29
LH:0
BRDA:20,0,0,0
BRDA:20,0,1,0
BRDA:27,1,0,0
BRDA:27,1,1,0
BRDA:90,2,0,0
BRDA:90,2,1,0
BRDA:101,3,0,0
BRDA:101,3,1,0
BRDA:113,4,0,0
BRDA:113,4,1,0
BRF:10
BRH:0
end_of_record
TN:
SF:src/components/Controls.vue
FN:5,(anonymous_0)
FN:29,(anonymous_1)
FN:50,render
FNF:3
FNH:0
FNDA:0,(anonymous_0)
FNDA:0,(anonymous_1)
FNDA:0,render
DA:8,0
DA:18,0
DA:19,0
DA:30,0
DA:33,0
DA:37,0
DA:42,0
DA:45,0
DA:46,0
DA:47,0
DA:51,0
DA:76,0
LF:12
LH:0
BRDA:70,0,0,0
BRDA:70,0,1,0
BRF:2
BRH:0
end_of_record
TN:
SF:src/components/InputSection.vue
FN:7,(anonymous_0)
FN:23,(anonymous_1)
FN:50,(anonymous_2)
FN:74,render
FN:93,(anonymous_4)
FNF:5
FNH:0
FNDA:0,(anonymous_0)
FNDA:0,(anonymous_1)
FNDA:0,(anonymous_2)
FNDA:0,render
FNDA:0,(anonymous_4)
DA:21,0
DA:22,0
DA:23,0
DA:24,0
DA:25,0
DA:30,0
DA:33,0
DA:51,0
DA:54,0
DA:58,0
DA:63,0
DA:66,0
DA:67,0
DA:68,0
DA:71,0
DA:75,0
DA:94,0
DA:104,0
LF:18
LH:0
BRDA:24,0,0,0
BRDA:24,0,1,0
BRDA:93,1,0,0
BRDA:93,1,1,0
BRF:4
BRH:0
end_of_record
TN:
SF:src/components/TypingArea.vue
FN:26,(anonymous_0)
FN:103,(anonymous_1)
FN:108,(anonymous_2)
FN:133,render
FN:140,(anonymous_4)
FN:146,onClick
FNF:6
FNH:0
FNDA:0,(anonymous_0)
FNDA:0,(anonymous_1)
FNDA:0,(anonymous_2)
FNDA:0,render
FNDA:0,(anonymous_4)
FNDA:0,onClick
DA:4,1
DA:7,1
DA:24,1
DA:29,0
DA:39,0
DA:46,0
DA:70,0
DA:104,0
DA:109,0
DA:114,0
DA:118,0
DA:123,1
DA:126,1
DA:127,1
DA:128,1
DA:132,1
DA:134,0
DA:141,0
DA:147,0
DA:162,1
LF:20
LH:9
BRF:0
BRH:0
end_of_record
TN:
SF:src/composables/useSound.js
FN:3,useSound
FN:7,(anonymous_1)
FN:13,(anonymous_2)
FN:32,(anonymous_3)
FN:52,(anonymous_4)
FN:60,(anonymous_5)
FN:65,(anonymous_6)
FNF:7
FNH:0
FNDA:0,useSound
FNDA:0,(anonymous_1)
FNDA:0,(anonymous_2)
FNDA:0,(anonymous_3)
FNDA:0,(anonymous_4)
FNDA:0,(anonymous_5)
FNDA:0,(anonymous_6)
DA:4,0
DA:5,0
DA:7,0
DA:8,0
DA:9,0
DA:13,0
DA:14,0
DA:16,0
DA:17,0
DA:19,0
DA:20,0
DA:22,0
DA:23,0
DA:25,0
DA:26,0
DA:28,0
DA:29,0
DA:32,0
DA:33,0
DA:35,0
DA:36,0
DA:38,0
DA:39,0
DA:41,0
DA:42,0
DA:43,0
DA:45,0
DA:46,0
DA:48,0
DA:49,0
DA:52,0
DA:53,0
DA:55,0
DA:56,0
DA:60,0
DA:61,0
DA:62,0
DA:65,0
DA:66,0
DA:69,0
LF:40
LH:0
BRDA:8,0,0,0
BRDA:8,0,1,0
BRDA:8,1,0,0
BRDA:8,1,1,0
BRDA:14,2,0,0
BRDA:14,2,1,0
BRDA:14,3,0,0
BRDA:14,3,1,0
BRDA:33,4,0,0
BRDA:33,4,1,0
BRDA:33,5,0,0
BRDA:33,5,1,0
BRDA:55,6,0,0
BRDA:55,6,1,0
BRDA:55,7,0,0
BRDA:55,7,1,0
BRF:16
BRH:0
end_of_record
TN:
SF:src/composables/useSpeech.js
FN:3,useSpeech
FN:14,(anonymous_1)
FN:26,(anonymous_2)
FN:35,(anonymous_3)
FN:47,(anonymous_4)
FN:52,(anonymous_5)
FN:53,(anonymous_6)
FN:65,(anonymous_7)
FN:69,(anonymous_8)
FN:79,(anonymous_9)
FN:80,(anonymous_10)
FN:86,(anonymous_11)
FN:102,(anonymous_12)
FN:119,(anonymous_13)
FN:147,(anonymous_14)
FN:154,(anonymous_15)
FN:161,(anonymous_16)
FN:173,(anonymous_17)
FN:209,(anonymous_18)
FN:216,(anonymous_19)
FN:223,(anonymous_20)
FN:227,(anonymous_21)
FNF:22
FNH:14
FNDA:21,useSpeech
FNDA:2,(anonymous_1)
FNDA:9,(anonymous_2)
FNDA:7,(anonymous_3)
FNDA:7,(anonymous_4)
FNDA:7,(anonymous_5)
FNDA:0,(anonymous_6)
FNDA:0,(anonymous_7)
FNDA:0,(anonymous_8)
FNDA:0,(anonymous_9)
FNDA:0,(anonymous_10)
FNDA:0,(anonymous_11)
FNDA:0,(anonymous_12)
FNDA:0,(anonymous_13)
FNDA:3,(anonymous_14)
FNDA:3,(anonymous_15)
FNDA:2,(anonymous_16)
FNDA:1,(anonymous_17)
FNDA:3,(anonymous_18)
FNDA:3,(anonymous_19)
FNDA:3,(anonymous_20)
FNDA:3,(anonymous_21)
DA:4,21
DA:5,21
DA:6,21
DA:7,21
DA:8,21
DA:9,21
DA:10,21
DA:11,21
DA:14,21
DA:15,2
DA:17,2
DA:20,2
DA:21,1
DA:26,21
DA:27,9
DA:32,2
DA:35,7
DA:36,7
DA:37,0
DA:40,7
DA:42,7
DA:43,7
DA:44,7
DA:47,7
DA:48,7
DA:51,7
DA:52,7
DA:53,7
DA:54,0
DA:55,0
DA:58,7
DA:62,0
DA:65,7
DA:68,0
DA:70,0
DA:79,0
DA:80,0
DA:82,0
DA:83,0
DA:86,0
DA:87,0
DA:88,0
DA:91,0
DA:92,0
DA:96,0
DA:97,0
DA:98,0
DA:102,0
DA:103,0
DA:104,0
DA:107,0
DA:108,0
DA:109,0
DA:110,0
DA:114,0
DA:115,0
DA:116,0
DA:119,0
DA:120,0
DA:121,0
DA:122,0
DA:125,0
DA:126,0
DA:127,0
DA:128,0
DA:132,0
DA:133,0
DA:134,0
DA:138,0
DA:139,0
DA:142,0
DA:147,21
DA:148,3
DA:149,1
DA:151,2
DA:154,21
DA:155,3
DA:156,2
DA:158,1
DA:161,21
DA:162,2
DA:163,1
DA:166,1
DA:167,1
DA:170,1
DA:171,1
DA:173,1
DA:174,1
DA:176,0
DA:177,0
DA:178,0
DA:181,1
DA:182,1
DA:188,1
DA:191,1
DA:194,0
DA:195,0
DA:198,0
DA:202,1
DA:204,1
DA:206,1
DA:209,21
DA:210,3
DA:211,3
DA:212,3
DA:216,21
DA:217,3
DA:218,3
DA:219,2
DA:223,21
DA:224,3
DA:227,21
DA:228,3
DA:231,21
LF:114
LH:66
BRDA:15,0,0,2
BRDA:15,0,1,0
BRDA:20,1,0,1
BRDA:20,1,1,1
BRDA:26,2,0,6
BRDA:27,3,0,2
BRDA:27,3,1,7
BRDA:28,4,0,9
BRDA:28,4,1,8
BRDA:28,4,2,7
BRDA:36,5,0,0
BRDA:36,5,1,7
BRDA:42,6,0,7
BRDA:42,6,1,4
BRDA:43,7,0,7
BRDA:43,7,1,4
BRDA:44,8,0,7
BRDA:44,8,1,7
BRDA:51,9,0,7
BRDA:51,9,1,0
BRDA:68,10,0,0
BRDA:68,10,1,0
BRDA:68,10,2,0
BRDA:70,11,0,0
BRDA:70,11,1,0
BRDA:70,11,2,0
BRDA:70,11,3,0
BRDA:70,11,4,0
BRDA:70,11,5,0
BRDA:70,11,6,0
BRDA:70,11,7,0
BRDA:82,12,0,0
BRDA:82,12,1,0
BRDA:91,13,0,0
BRDA:91,13,1,0
BRDA:96,14,0,0
BRDA:96,14,1,0
BRDA:107,15,0,0
BRDA:107,15,1,0
BRDA:109,16,0,0
BRDA:109,16,1,0
BRDA:125,17,0,0
BRDA:125,17,1,0
BRDA:127,18,0,0
BRDA:127,18,1,0
BRDA:138,19,0,0
BRDA:138,19,1,0
BRDA:148,20,0,1
BRDA:148,20,1,2
BRDA:148,21,0,3
BRDA:148,21,1,3
BRDA:148,21,2,2
BRDA:155,22,0,2
BRDA:155,22,1,1
BRDA:155,23,0,3
BRDA:155,23,1,3
BRDA:162,24,0,1
BRDA:162,24,1,1
BRDA:162,25,0,2
BRDA:162,25,1,2
BRDA:174,26,0,0
BRDA:174,26,1,1
BRDA:210,27,0,3
BRDA:210,27,1,0
BRDA:218,28,0,2
BRDA:218,28,1,1
BRF:66
BRH:34
end_of_record
TN:
SF:src/composables/useTypingApp.js
FN:7,createTypingApp
FN:37,(anonymous_1)
FN:53,(anonymous_2)
FN:74,(anonymous_3)
FN:92,(anonymous_4)
FN:110,(anonymous_5)
FN:114,(anonymous_6)
FN:118,(anonymous_7)
FN:122,(anonymous_8)
FN:126,(anonymous_9)
FN:132,(anonymous_10)
FN:136,(anonymous_11)
FN:172,provideTypingApp
FN:176,useTypingApp
FNF:14
FNH:0
FNDA:0,createTypingApp
FNDA:0,(anonymous_1)
FNDA:0,(anonymous_2)
FNDA:0,(anonymous_3)
FNDA:0,(anonymous_4)
FNDA:0,(anonymous_5)
FNDA:0,(anonymous_6)
FNDA:0,(anonymous_7)
FNDA:0,(anonymous_8)
FNDA:0,(anonymous_9)
FNDA:0,(anonymous_10)
FNDA:0,(anonymous_11)
FNDA:0,provideTypingApp
FNDA:0,useTypingApp
DA:5,1
DA:9,0
DA:10,0
DA:11,0
DA:12,0
DA:13,0
DA:22,0
DA:34,0
DA:37,0
DA:38,0
DA:40,0
DA:41,0
DA:42,0
DA:43,0
DA:44,0
DA:45,0
DA:46,0
DA:47,0
DA:48,0
DA:49,0
DA:50,0
DA:53,0
DA:54,0
DA:55,0
DA:59,0
DA:61,0
DA:62,0
DA:65,0
DA:67,0
DA:68,0
DA:74,0
DA:75,0
DA:76,0
DA:84,0
DA:85,0
DA:88,0
DA:92,0
DA:93,0
DA:94,0
DA:96,0
DA:97,0
DA:100,0
DA:102,0
DA:104,0
DA:105,0
DA:110,0
DA:111,0
DA:114,0
DA:115,0
DA:118,0
DA:119,0
DA:122,0
DA:123,0
DA:126,0
DA:127,0
DA:128,0
DA:132,0
DA:136,0
DA:137,0
DA:138,0
DA:142,0
DA:169,0
DA:173,0
DA:177,0
DA:179,0
DA:180,0
DA:185,0
LF:67
LH:1
BRDA:40,0,0,0
BRDA:40,0,1,0
BRDA:43,1,0,0
BRDA:43,1,1,0
BRDA:44,2,0,0
BRDA:44,2,1,0
BRDA:44,3,0,0
BRDA:44,3,1,0
BRDA:54,4,0,0
BRDA:54,4,1,0
BRDA:61,5,0,0
BRDA:61,5,1,0
BRDA:67,6,0,0
BRDA:67,6,1,0
BRDA:67,7,0,0
BRDA:67,7,1,0
BRDA:84,8,0,0
BRDA:84,8,1,0
BRDA:93,9,0,0
BRDA:93,9,1,0
BRDA:104,10,0,0
BRDA:104,10,1,0
BRDA:104,11,0,0
BRDA:104,11,1,0
BRDA:127,12,0,0
BRDA:127,12,1,0
BRDA:127,13,0,0
BRDA:127,13,1,0
BRDA:179,14,0,0
BRDA:179,14,1,0
BRF:30
BRH:0
end_of_record
TN:
SF:src/constants/layout.js
FNF:0
FNH:0
DA:2,1
LF:1
LH:1
BRF:0
BRH:0
end_of_record
TN:
SF:src/ui/AnimatedText.vue
FN:68,(anonymous_0)
FN:72,(anonymous_1)
FN:105,(anonymous_2)
FN:108,(anonymous_3)
FN:127,(anonymous_4)
FN:153,(anonymous_5)
FN:170,(anonymous_6)
FN:182,(anonymous_7)
FN:189,(anonymous_8)
FN:218,(anonymous_9)
FN:273,render
FN:282,(anonymous_11)
FN:283,(anonymous_12)
FNF:13
FNH:0
FNDA:0,(anonymous_0)
FNDA:0,(anonymous_1)
FNDA:0,(anonymous_2)
FNDA:0,(anonymous_3)
FNDA:0,(anonymous_4)
FNDA:0,(anonymous_5)
FNDA:0,(anonymous_6)
FNDA:0,(anonymous_7)
FNDA:0,(anonymous_8)
FNDA:0,(anonymous_9)
FNDA:0,render
FNDA:0,(anonymous_11)
FNDA:0,(anonymous_12)
DA:4,1
DA:7,1
DA:15,1
DA:68,0
DA:76,0
DA:77,0
DA:80,0
DA:87,0
DA:94,0
DA:101,0
DA:106,0
DA:108,0
DA:109,0
DA:110,0
DA:111,0
DA:114,0
DA:115,0
DA:118,0
DA:119,0
DA:120,0
DA:121,0
DA:122,0
DA:127,0
DA:128,0
DA:129,0
DA:130,0
DA:133,0
DA:134,0
DA:137,0
DA:138,0
DA:139,0
DA:140,0
DA:141,0
DA:142,0
DA:146,0
DA:147,0
DA:151,0
DA:153,0
DA:154,0
DA:155,0
DA:156,0
DA:157,0
DA:162,0
DA:163,0
DA:165,0
DA:166,0
DA:170,0
DA:171,0
DA:172,0
DA:174,0
DA:175,0
DA:176,0
DA:177,0
DA:179,0
DA:182,0
DA:183,0
DA:184,0
DA:185,0
DA:187,0
DA:189,0
DA:190,0
DA:191,0
DA:192,0
DA:208,0
DA:218,0
DA:220,0
DA:259,0
DA:263,0
DA:268,1
DA:271,1
DA:272,1
DA:274,0
DA:283,0
DA:284,0
DA:298,1
LF:75
LH:7
BRDA:118,0,0,0
BRDA:118,0,1,0
BRDA:120,1,0,0
BRDA:120,1,1,0
BRDA:121,2,0,0
BRDA:121,2,1,0
BRDA:123,3,0,0
BRDA:123,3,1,0
BRDA:124,4,0,0
BRDA:124,4,1,0
BRDA:124,4,2,0
BRDA:137,5,0,0
BRDA:137,5,1,0
BRDA:139,6,0,0
BRDA:139,6,1,0
BRDA:140,7,0,0
BRDA:140,7,1,0
BRDA:141,8,0,0
BRDA:141,8,1,0
BRDA:141,9,0,0
BRDA:141,9,1,0
BRDA:141,9,2,0
BRDA:146,10,0,0
BRDA:146,10,1,0
BRDA:146,11,0,0
BRDA:146,11,1,0
BRDA:146,11,2,0
BRDA:154,12,0,0
BRDA:154,12,1,0
BRDA:162,13,0,0
BRDA:162,13,1,0
BRDA:171,14,0,0
BRDA:171,14,1,0
BRDA:176,15,0,0
BRDA:176,15,1,0
BRDA:183,16,0,0
BRDA:183,16,1,0
BRDA:288,17,0,0
BRDA:288,17,1,0
BRDA:289,18,0,0
BRDA:289,18,1,0
BRF:41
BRH:0
end_of_record
TN:
SF:src/ui/Button.vue
FN:12,(anonymous_0)
FN:17,(anonymous_1)
FN:33,(anonymous_2)
FN:40,(anonymous_3)
FN:44,(anonymous_4)
FN:71,render
FN:77,(anonymous_6)
FNF:7
FNH:0
FNDA:0,(anonymous_0)
FNDA:0,(anonymous_1)
FNDA:0,(anonymous_2)
FNDA:0,(anonymous_3)
FNDA:0,(anonymous_4)
FNDA:0,render
FNDA:0,(anonymous_6)
DA:12,0
DA:17,0
DA:37,0
DA:38,0
DA:39,0
DA:40,0
DA:44,0
DA:45,0
DA:46,0
DA:49,0
DA:56,0
DA:60,0
DA:65,0
DA:68,0
DA:69,0
DA:70,0
DA:72,0
DA:78,0
DA:80,0
LF:19
LH:0
BRDA:45,0,0,0
BRDA:45,0,1,0
BRF:2
BRH:0
end_of_record
TN:
SF:src/ui/Container.vue
FN:8,(anonymous_0)
FN:13,(anonymous_1)
FN:22,(anonymous_2)
FN:25,(anonymous_3)
FN:30,(anonymous_4)
FN:52,render
FNF:6
FNH:0
FNDA:0,(anonymous_0)
FNDA:0,(anonymous_1)
FNDA:0,(anonymous_2)
FNDA:0,(anonymous_3)
FNDA:0,(anonymous_4)
FNDA:0,render
DA:8,0
DA:13,0
DA:22,0
DA:28,0
DA:29,0
DA:30,0
DA:33,0
DA:38,0
DA:42,0
DA:47,0
DA:50,0
DA:51,0
DA:53,0
DA:56,0
LF:14
LH:0
BRF:0
BRH:0
end_of_record
TN:
SF:src/ui/Input.vue
FN:24,(anonymous_0)
FN:29,(anonymous_1)
FN:37,(anonymous_2)
FN:46,(anonymous_3)
FN:47,(anonymous_4)
FN:49,(anonymous_5)
FN:53,(anonymous_6)
FN:56,(anonymous_7)
FN:59,(anonymous_8)
FN:63,(anonymous_9)
FN:67,(anonymous_10)
FN:68,(anonymous_11)
FN:110,render
FN:113,(anonymous_13)
FNF:14
FNH:0
FNDA:0,(anonymous_0)
FNDA:0,(anonymous_1)
FNDA:0,(anonymous_2)
FNDA:0,(anonymous_3)
FNDA:0,(anonymous_4)
FNDA:0,(anonymous_5)
FNDA:0,(anonymous_6)
FNDA:0,(anonymous_7)
FNDA:0,(anonymous_8)
FNDA:0,(anonymous_9)
FNDA:0,(anonymous_10)
FNDA:0,(anonymous_11)
FNDA:0,render
FNDA:0,(anonymous_13)
DA:24,0
DA:29,0
DA:41,0
DA:42,0
DA:43,0
DA:44,0
DA:45,0
DA:46,0
DA:47,0
DA:49,0
DA:53,0
DA:54,0
DA:56,0
DA:57,0
DA:59,0
DA:60,0
DA:61,0
DA:63,0
DA:64,0
DA:65,0
DA:67,0
DA:68,0
DA:69,0
DA:72,0
DA:76,0
DA:92,0
DA:96,0
DA:101,0
DA:104,0
DA:105,0
DA:106,0
DA:109,0
DA:111,0
DA:114,0
DA:125,0
LF:35
LH:0
BRDA:113,0,0,0
BRDA:113,0,1,0
BRF:2
BRH:0
end_of_record
TN:
SF:src/ui/Text.vue
FN:89,render
FN:94,(anonymous_1)
FNF:2
FNH:0
FNDA:0,render
FNDA:0,(anonymous_1)
DA:4,1
DA:7,1
DA:84,1
DA:87,1
DA:88,1
DA:90,0
DA:95,0
DA:99,1
LF:8
LH:6
BRF:0
BRH:0
end_of_record
TN:
SF:src/ui/ToggleButton.vue
FN:23,(anonymous_0)
FN:53,render
FN:57,(anonymous_2)
FN:61,(anonymous_3)
FNF:4
FNH:0
FNDA:0,(anonymous_0)
FNDA:0,render
FNDA:0,(anonymous_2)
FNDA:0,(anonymous_3)
DA:26,0
DA:27,0
DA:30,0
DA:34,0
DA:39,0
DA:42,0
DA:43,0
DA:44,0
DA:47,0
DA:50,0
DA:54,0
DA:58,0
DA:62,0
DA:66,0
LF:14
LH:0
BRDA:57,0,0,0
BRDA:57,0,1,0
BRDA:62,1,0,0
BRDA:62,1,1,0
BRF:4
BRH:0
end_of_record
